
Analyzing F_38_1.TextGrid
-------------------
Manually annotated_index found: 0
Manually annotated_index found: 1
Consistency problem at 1
Manually annotated_index found: 2
Manually annotated_index found: 3
Manually annotated_index found: 47
Manually annotated_index found: 93
Consistency problem at 93
Manually annotated_index found: 140
Consistency problem at 140
Manually annotated_index found: 185
Consistency problem at 185
Manually annotated_index found: 229
Consistency problem at 229
Manually annotated_index found: 260
Consistency problem at 260
Analyzing F_40_1.TextGrid
-------------------
Manually annotated_index found: 0
Manually annotated_index found: 1
Consistency problem at 1
Manually annotated_index found: 37
Manually annotated_index found: 73
Manually annotated_index found: 75
Consistency problem at 75
Manually annotated_index found: 114
Manually annotated_index found: 140
Manually annotated_index found: 175
Manually annotated_index found: 199
Manually annotated_index found: 201
Consistency problem at 201
Manually annotated_index found: 209
Manually annotated_index found: 237
Manually annotated_index found: 253
Manually annotated_index found: 255
Consistency problem at 255
Manually annotated_index found: 258
Manually annotated_index found: 267
Manually annotated_index found: 269
Consistency problem at 269
Manually annotated_index found: 278
Manually annotated_index found: 280
Consistency problem at 280
Manually annotated_index found: 287
Manually annotated_index found: 289
Consistency problem at 289
Manually annotated_index found: 292
Manually annotated_index found: 294
Consistency problem at 294
Manually annotated_index found: 299
Manually annotated_index found: 301
Consistency problem at 301
Manually annotated_index found: 305
Manually annotated_index found: 307
Consistency problem at 307
Manually annotated_index found: 335
Manually annotated_index found: 368
Consistency problem at 368
Manually annotated_index found: 385
Analyzing F_44_1.TextGrid
-------------------
Manually annotated_index found: 0
Manually annotated_index found: 25
Consistency problem at 25
Manually annotated_index found: 31
Manually annotated_index found: 33
Consistency problem at 33
Manually annotated_index found: 71
Manually annotated_index found: 105
Manually annotated_index found: 107
Consistency problem at 107
Manually annotated_index found: 108
Manually annotated_index found: 110
Consistency problem at 110
Manually annotated_index found: 149
Manually annotated_index found: 151
Consistency problem at 151
Manually annotated_index found: 197
Manually annotated_index found: 211
Manually annotated_index found: 245
Manually annotated_index found: 284
Manually annotated_index found: 321
Consistency problem at 321
Analyzing F_47_1.TextGrid
-------------------
Manually annotated_index found: 16
Manually annotated_index found: 55
Manually annotated_index found: 93
Manually annotated_index found: 132
Manually annotated_index found: 170
Manually annotated_index found: 175
Manually annotated_index found: 179
Consistency problem at 179
Manually annotated_index found: 217
Manually annotated_index found: 223
Manually annotated_index found: 259
Manually annotated_index found: 295
Manually annotated_index found: 328
Manually annotated_index found: 333
Analyzing F_48_1.TextGrid
-------------------
Manually annotated_index found: 35
Manually annotated_index found: 68
Manually annotated_index found: 76
Manually annotated_index found: 78
Consistency problem at 78
Manually annotated_index found: 91
Analyzing F_50_1.TextGrid
-------------------
Manually annotated_index found: 0
Manually annotated_index found: 1
Consistency problem at 1
Manually annotated_index found: 2
Manually annotated_index found: 3
Manually annotated_index found: 4
Manually annotated_index found: 5
Manually annotated_index found: 6
Manually annotated_index found: 7
Manually annotated_index found: 8
Manually annotated_index found: 9
Manually annotated_index found: 10
Manually annotated_index found: 11
Manually annotated_index found: 13
Consistency problem at 13
Manually annotated_index found: 14
Manually annotated_index found: 15
Manually annotated_index found: 16
Manually annotated_index found: 17
Manually annotated_index found: 18
Manually annotated_index found: 19
Manually annotated_index found: 20
Manually annotated_index found: 21
Manually annotated_index found: 22
Manually annotated_index found: 24
Consistency problem at 24
Manually annotated_index found: 25
Manually annotated_index found: 26
Manually annotated_index found: 27
Manually annotated_index found: 28
Manually annotated_index found: 29
Manually annotated_index found: 30
Manually annotated_index found: 31
Manually annotated_index found: 32
Manually annotated_index found: 33
Manually annotated_index found: 34
Manually annotated_index found: 36
Consistency problem at 36
Manually annotated_index found: 37
Manually annotated_index found: 38
Manually annotated_index found: 39
Manually annotated_index found: 40
Manually annotated_index found: 41
Manually annotated_index found: 42
Manually annotated_index found: 43
Manually annotated_index found: 44
Manually annotated_index found: 45
Manually annotated_index found: 46
Manually annotated_index found: 47
Analyzing F_52_1.TextGrid
-------------------
Manually annotated_index found: 0
Manually annotated_index found: 12
Analyzing F_54_1.TextGrid
-------------------
Manually annotated_index found: 0
Analyzing F_55_1.TextGrid
-------------------
Manually annotated_index found: 0
Manually annotated_index found: 15
Consistency problem at 15
Analyzing F_56_1.TextGrid
-------------------
Manually annotated_index found: 0
Manually annotated_index found: 15
Analyzing F_59_1.TextGrid
-------------------
Manually annotated_index found: 9
Manually annotated_index found: 41
Consistency problem at 41
Manually annotated_index found: 68
Consistency problem at 68
Manually annotated_index found: 88
Consistency problem at 88
Analyzing F_60_1.TextGrid
-------------------
Manually annotated_index found: 0
Manually annotated_index found: 15
Consistency problem at 15
Manually annotated_index found: 43
Consistency problem at 43
Manually annotated_index found: 66
Consistency problem at 66
Analyzing F_61_1.TextGrid
-------------------
Manually annotated_index found: 0
Manually annotated_index found: 1
Consistency problem at 1
Manually annotated_index found: 23
Analyzing F_63_1.TextGrid
-------------------
Manually annotated_index found: 0
Manually annotated_index found: 1
Consistency problem at 1
Manually annotated_index found: 15
Manually annotated_index found: 20
Manually annotated_index found: 21
Consistency problem at 21
Manually annotated_index found: 37
Manually annotated_index found: 38
Consistency problem at 38
Manually annotated_index found: 57
Manually annotated_index found: 58
Consistency problem at 58
Manually annotated_index found: 70
Manually annotated_index found: 71
Consistency problem at 71
Manually annotated_index found: 87
Manually annotated_index found: 101
Consistency problem at 101
Manually annotated_index found: 102
Consistency problem at 102
Manually annotated_index found: 117
Manually annotated_index found: 118
Consistency problem at 118
Manually annotated_index found: 132
Consistency problem at 132
Analyzing F_64_1.TextGrid
-------------------
Manually annotated_index found: 0
Manually annotated_index found: 15
Analyzing F_66_1.TextGrid
-------------------
Manually annotated_index found: 0
Manually annotated_index found: 17
Analyzing F_69_1.TextGrid
-------------------
Manually annotated_index found: 7
Manually annotated_index found: 9
Consistency problem at 9
Manually annotated_index found: 17
Manually annotated_index found: 19
Consistency problem at 19
Manually annotated_index found: 22
Manually annotated_index found: 24
Consistency problem at 24
Manually annotated_index found: 25
Analyzing F_70_1.TextGrid
-------------------
Manually annotated_index found: 0
Manually annotated_index found: 8
Analyzing F_71_1.TextGrid
-------------------
Manually annotated_index found: 0
Manually annotated_index found: 22
Analyzing F_73_1.TextGrid
-------------------
Manually annotated_index found: 0
Manually annotated_index found: 12
Analyzing F_74_1.TextGrid
-------------------
Manually annotated_index found: 0
Manually annotated_index found: 1
Consistency problem at 1
Manually annotated_index found: 16
Analyzing M_01_1.TextGrid
-------------------
Manually annotated_index found: 0
Manually annotated_index found: 34
Manually annotated_index found: 68
Manually annotated_index found: 73
Analyzing M_04_1.TextGrid
-------------------
Manually annotated_index found: 0
Manually annotated_index found: 15
Analyzing M_05_1.TextGrid
-------------------
Manually annotated_index found: 0
Manually annotated_index found: 8
Analyzing M_06_1.TextGrid
-------------------
Manually annotated_index found: 0
Manually annotated_index found: 15
Analyzing M_11_1.TextGrid
-------------------
Manually annotated_index found: 0
Manually annotated_index found: 1
Consistency problem at 1
Manually annotated_index found: 4
Consistency problem at 4
Manually annotated_index found: 6
Consistency problem at 6
Manually annotated_index found: 7
Manually annotated_index found: 30
Analyzing M_13_1.TextGrid
-------------------
Manually annotated_index found: 0
Manually annotated_index found: 1
Consistency problem at 1
Manually annotated_index found: 19
Consistency problem at 19
Analyzing M_15_1.TextGrid
-------------------
Manually annotated_index found: 0
Manually annotated_index found: 19
Analyzing M_19_1.TextGrid
-------------------
Manually annotated_index found: 0
Manually annotated_index found: 1
Manually annotated_index found: 2
Consistency problem at 2
Manually annotated_index found: 27
Manually annotated_index found: 54
Manually annotated_index found: 82
Manually annotated_index found: 85
Consistency problem at 85
Manually annotated_index found: 117
Manually annotated_index found: 155
Manually annotated_index found: 193
Manually annotated_index found: 199
Manually annotated_index found: 238
Manually annotated_index found: 277
Manually annotated_index found: 312
Manually annotated_index found: 349
Manually annotated_index found: 362
Analyzing M_21_1.TextGrid
-------------------
Manually annotated_index found: 0
Manually annotated_index found: 20
Analyzing M_27_1.TextGrid
-------------------
Manually annotated_index found: 0
Manually annotated_index found: 1
Consistency problem at 1
Manually annotated_index found: 28
Manually annotated_index found: 62
Manually annotated_index found: 71
Manually annotated_index found: 97
Manually annotated_index found: 130
Manually annotated_index found: 154
Analyzing M_28_1.TextGrid
-------------------
Manually annotated_index found: 0
Manually annotated_index found: 1
Consistency problem at 1
Manually annotated_index found: 12
Manually annotated_index found: 44
Analyzing M_30_1.TextGrid
-------------------
Manually annotated_index found: 0
Manually annotated_index found: 16
Analyzing M_38_1.TextGrid
-------------------
Manually annotated_index found: 0
Manually annotated_index found: 35
Manually annotated_index found: 68
Manually annotated_index found: 84
Analyzing M_41_1.TextGrid
-------------------
Manually annotated_index found: 0
Manually annotated_index found: 20
Analyzing M_42_1.TextGrid
-------------------
Manually annotated_index found: 0
Manually annotated_index found: 15
Analyzing M_45_1.TextGrid
-------------------
Manually annotated_index found: 0
Manually annotated_index found: 27
Consistency problem at 27
Manually annotated_index found: 50
Manually annotated_index found: 62
Manually annotated_index found: 95
Manually annotated_index found: 128
Manually annotated_index found: 161
Manually annotated_index found: 202
Manually annotated_index found: 218
Manually annotated_index found: 220
Consistency problem at 220
Manually annotated_index found: 236
Manually annotated_index found: 269
Manually annotated_index found: 302
Manually annotated_index found: 345
Consistency problem at 345
Analyzing M_47_1.TextGrid
-------------------
Manually annotated_index found: 47
Manually annotated_index found: 95
Consistency problem at 95
Manually annotated_index found: 139
Manually annotated_index found: 186
Manually annotated_index found: 190
Analyzing M_55_1.TextGrid
-------------------
Manually annotated_index found: 0
Manually annotated_index found: 1
Manually annotated_index found: 13
Analyzing M_61_1.TextGrid
-------------------
Manually annotated_index found: 0
Manually annotated_index found: 1
Manually annotated_index found: 19
Analyzing M_63_1.TextGrid
-------------------
Manually annotated_index found: 0
Manually annotated_index found: 7
Consistency problem at 7
Manually annotated_index found: 20
Consistency problem at 20
Manually annotated_index found: 26
Manually annotated_index found: 28
Consistency problem at 28
Manually annotated_index found: 30
Manually annotated_index found: 32
Consistency problem at 32
Manually annotated_index found: 37
Consistency problem at 37
Manually annotated_index found: 43
Manually annotated_index found: 48
Consistency problem at 48
Manually annotated_index found: 52
Manually annotated_index found: 92
Consistency problem at 92
Manually annotated_index found: 96
Consistency problem at 96
Manually annotated_index found: 117
Manually annotated_index found: 123
Consistency problem at 123
Manually annotated_index found: 134
Manually annotated_index found: 151
Consistency problem at 151
Manually annotated_index found: 164
Manually annotated_index found: 172
Consistency problem at 172
Manually annotated_index found: 174
Consistency problem at 174
Manually annotated_index found: 191
Manually annotated_index found: 217
Manually annotated_index found: 229
Consistency problem at 229
Manually annotated_index found: 229
Consistency problem at 229
Manually annotated_index found: 229
Consistency problem at 229
Manually annotated_index found: 265
Consistency problem at 265
Manually annotated_index found: 272
Consistency problem at 272
Manually annotated_index found: 277
Consistency problem at 277
Manually annotated_index found: 287
Consistency problem at 287
Manually annotated_index found: 287
Consistency problem at 287
Manually annotated_index found: 312
Consistency problem at 312
Analyzing M_66_1.TextGrid
-------------------
Manually annotated_index found: 3
Manually annotated_index found: 5
Consistency problem at 5
Manually annotated_index found: 14
Manually annotated_index found: 16
Consistency problem at 16
Manually annotated_index found: 28
Manually annotated_index found: 30
Consistency problem at 30
Manually annotated_index found: 40
Manually annotated_index found: 42
Consistency problem at 42
Manually annotated_index found: 43
Manually annotated_index found: 54
Manually annotated_index found: 56
Consistency problem at 56
Manually annotated_index found: 67
Manually annotated_index found: 69
Consistency problem at 69
Manually annotated_index found: 72
Analyzing M_67_1.TextGrid
-------------------
Manually annotated_index found: 0
Manually annotated_index found: 1
Manually annotated_index found: 6
Analyzing M_68_1.TextGrid
-------------------
Manually annotated_index found: 0
Manually annotated_index found: 23
Analyzing M_70_1.TextGrid
-------------------
Manually annotated_index found: 0
Manually annotated_index found: 1
Manually annotated_index found: 9
Analyzing M_71_1.TextGrid
-------------------
Manually annotated_index found: 0
Manually annotated_index found: 10
Manually annotated_index found: 11
Analyzing M_72_1.TextGrid
-------------------
Manually annotated_index found: 0
Manually annotated_index found: 19
Manually annotated_index found: 41
Manually annotated_index found: 71
Analyzing M_73_1.TextGrid
-------------------
Manually annotated_index found: 0
Manually annotated_index found: 6
Analyzing M_74_1.TextGrid
-------------------
Manually annotated_index found: 0
Manually annotated_index found: 10
